[debug] ----------------------------------------------------------------------
[debug] Command:      /usr/bin/nodejs /usr/bin/firebase serve
[debug] CLI Version:  3.0.7
[debug] Platform:     linux
[debug] Node Version: v4.4.7
[debug] Time:         Fri Nov 04 2016 21:33:38 GMT+0530 (IST)
[debug] ----------------------------------------------------------------------
[debug] 
[info] Starting Firebase development server...
[info] 
[info] Project Directory: /media/shashwat/Data/coding/codebase/Angular-Projects/Cogniznace-website
[info] Public Directory: public
[info] 
[info] Server listening at: http://localhost:5000
[debug] ----------------------------------------------------------------------
[debug] Command:      /usr/bin/nodejs /usr/bin/firebase deploy
[debug] CLI Version:  3.0.7
[debug] Platform:     linux
[debug] Node Version: v4.4.7
[debug] Time:         Fri Nov 04 2016 23:40:57 GMT+0530 (IST)
[debug] ----------------------------------------------------------------------
[debug] 
[debug] > command requires scopes: ["email","openid","https://www.googleapis.com/auth/cloudplatformprojects.readonly","https://www.googleapis.com/auth/firebase"]
[debug] > refreshing access token with scopes: ["email","https://www.googleapis.com/auth/cloudplatformprojects.readonly","https://www.googleapis.com/auth/firebase","openid"]
[debug] >>> HTTP REQUEST POST https://www.googleapis.com/oauth2/v3/token
[debug] <<< HTTP RESPONSE 200
[debug] >>> HTTP REQUEST GET https://admin.firebase.com/v1/projects/cognizance-dc325 
[debug] <<< HTTP RESPONSE 200
[debug] >>> HTTP REQUEST GET https://admin.firebase.com/v1/database/cognizance-dc325/tokens 
[debug] <<< HTTP RESPONSE 200
[info] 
[info] === Deploying to 'cognizance-dc325'...
[info] 
[info] i  deploying database, hosting
[info] ✔  database: rules ready to deploy.
[info] i  hosting: preparing public directory for upload...
[debug] >>> HTTP REQUEST PUT https://deploy.firebase.com/v1/hosting/cognizance-dc325/uploads/-KVkXNs7a5vquIg1wsIB?fileCount=803&message= 
